
{
	gl.supports_vertex_array_object: true
	cocos2d.x.version: Quick-Cocos2dx-Community 3.6.3 Beta
	gl.vendor: Intel Inc.
	gl.supports_PVRTC: false
	gl.renderer: Intel Iris OpenGL Engine
	cocos2d.x.compiled_with_profiler: false
	gl.max_texture_size: 16384
	gl.supports_ETC1: false
	gl.supports_BGRA8888: false
	cocos2d.x.build_type: RELEASE
	gl.supports_discard_framebuffer: false
	gl.supports_NPOT: true
	gl.supports_S3TC: true
	gl.version: 2.1 INTEL-10.14.58
	gl.supports_ATITC: false
	gl.max_texture_units: 16
	cocos2d.x.compiled_with_gl_state_cache: true
}


Quick-Cocos2dx-Community C++ support ready.
------------------------------------------------
LOAD LUA FILE: /Users/moqikaka/Documents/cocos2dx-lua-AStar/src/main.lua
------------------------------------------------
[LUA-print] ===========================================================
[LUA-print]               LOAD QUICK FRAMEWORK
[LUA-print] ===========================================================
[LUA-print] [INFO] 
[LUA-print] [INFO] # DEBUG                        = 1
[LUA-print] [INFO] #
[LUA-print] [INFO] # device.platform              = mac
[LUA-print] [INFO] # device.model                 = unknown
[LUA-print] [INFO] # device.language              = cn
[LUA-print] [INFO] # device.writablePath          = /Users/moqikaka/Documents/cocos2dx-lua-AStar/
[LUA-print] [INFO] # device.directorySeparator    = /
[LUA-print] [INFO] # device.pathSeparator         = :
[LUA-print] [INFO] #
libpng warning: iCCP: known incorrect sRGB profile
[LUA-print] [INFO] # CONFIG_SCREEN_AUTOSCALE      = FIXED_HEIGHT
[LUA-print] [INFO] # CONFIG_SCREEN_WIDTH          = 960.00
[LUA-print] [INFO] # CONFIG_SCREEN_HEIGHT         = 640.00
[LUA-print] [INFO] # display.widthInPixels        = 960.00
[LUA-print] [INFO] # display.heightInPixels       = 640.00
[LUA-print] [INFO] # display.contentScaleFactor   = 1.00
[LUA-print] [INFO] # display.width                = 960.00
[LUA-print] [INFO] # display.height               = 640.00
[LUA-print] [INFO] # display.cx                   = 480.00
[LUA-print] [INFO] # display.cy                   = 320.00
[LUA-print] [INFO] # display.left                 = 0.00
[LUA-print] [INFO] # display.right                = 960.00
[LUA-print] [INFO] # display.top                  = 640.00
[LUA-print] [INFO] # display.bottom               = 0.00
[LUA-print] [INFO] # display.c_left               = -480.00
[LUA-print] [INFO] # display.c_right              = 480.00
[LUA-print] [INFO] # display.c_top                = 320.00
[LUA-print] [INFO] # display.c_bottom             = -320.00
[LUA-print] [INFO] #
libpng warning: iCCP: known incorrect sRGB profile
[LUA-print] 307
[LUA-print] 0
[LUA-print] 1
[LUA-print] 1
[LUA-print] 2
[LUA-print] 3
[LUA-print] 2
[LUA-print] 1
[LUA-print] 0
[LUA-print] 510
[LUA-print] 510
[LUA-print] 510
[LUA-print] 510
[LUA-print] 518
[LUA-print] 18
[LUA-print] 17
[LUA-print] 19
[LUA-print] 18
[LUA-print] 18
[LUA-print] 514
[LUA-print] 614
[LUA-print] 912
[LUA-print] 1011
[LUA-print] 1010
[LUA-print] 1111
[LUA-print] 1015
[LUA-print] 1115
[LUA-print] 1115
[LUA-print] 1117
[LUA-print] 1218
[LUA-print] 1218
[LUA-print] 1217
[LUA-print] 1113
[LUA-print] 912
[LUA-print] 611
[LUA-print] 512
[LUA-print] 513
[LUA-print] 613
[LUA-print] 712
[LUA-print] 810
